2025-08-27 at 22:01:36 | INFO | Подгружены старые cookies
2025-08-27 at 22:01:36 | INFO | === Запущен 0 цикл ===
2025-08-27 at 22:01:40 | INFO | Получен новый кворк 2920652
2025-08-27 at 22:01:40 | INFO | Получен новый кворк 2943750
2025-08-27 at 22:01:40 | INFO | Получен новый кворк 2936557
2025-08-27 at 22:01:40 | INFO | Получен новый кворк 2943718
2025-08-27 at 22:01:40 | INFO | Получен новый кворк 200291
2025-08-27 at 22:01:40 | INFO | Получен новый кворк 2941532
2025-08-27 at 22:01:40 | INFO | Получен новый кворк 2942242
2025-08-27 at 22:01:40 | INFO | Получен новый кворк 2878676
2025-08-27 at 22:01:40 | INFO | Получен новый кворк 2943372
2025-08-27 at 22:01:40 | INFO | Получен новый кворк 2933691
2025-08-27 at 22:01:40 | INFO | Получен новый кворк 2918177
2025-08-27 at 22:01:40 | INFO | Получен новый кворк 2939396
2025-08-27 at 22:01:40 | SUCCESS | Все кворки со страницы 1 получены
2025-08-27 at 22:01:41 | INFO | Получен новый кворк 2942995
2025-08-27 at 22:01:41 | INFO | Получен новый кворк 2942963
2025-08-27 at 22:01:41 | SUCCESS | Все кворки со страницы 2 получены
2025-08-27 at 22:01:41 | SUCCESS | Все кворки получены, последняя страница - 2
2025-08-27 at 22:01:41 | INFO | Найдено 14 новых кворков
2025-08-27 at 22:01:42 | SUCCESS | Отправлено уведомление: "Новый кворк 29206.."
2025-08-27 at 22:01:45 | SUCCESS | Отправлено уведомление: "Новый кворк 29437.."
